<?xml version="1.0" encoding="UTF-8"?>
<!-- Generated by org.testng.reporters.JUnitReportReporter -->
<testsuite hostname="DESKTOP-S7DLDEP" failures="0" tests="1" name="com.testsenarios.Xe" time="47.331" errors="0" timestamp="2022-03-19T14:30:49 IST" skipped="0">
  <testcase classname="com.testsenarios.Xe" name="f" time="47.331"/>
  <system-out/>
</testsuite> <!-- com.testsenarios.Xe -->
