<?xml version="1.0" encoding="UTF-8"?>
<!-- Generated by org.testng.reporters.JUnitReportReporter -->
<testsuite hostname="DESKTOP-S7DLDEP" failures="0" tests="1" name="com.testsenarios.Toyotaaa" time="52.881" errors="0" timestamp="2022-03-22T14:23:34 IST" skipped="0">
  <testcase classname="com.testsenarios.Toyotaaa" name="f" time="52.881"/>
  <system-out/>
</testsuite> <!-- com.testsenarios.Toyotaaa -->
