<?xml version="1.0" encoding="UTF-8"?>
<!-- Generated by org.testng.reporters.JUnitReportReporter -->
<testsuite hostname="DESKTOP-S7DLDEP" failures="0" tests="1" name="com.testsenarios.Justrechargeit_logintestng" time="30.057" errors="0" timestamp="2022-03-09T11:52:42 IST" skipped="0">
  <testcase classname="com.testsenarios.Justrechargeit_logintestng" name="f" time="30.057"/>
  <system-out/>
</testsuite> <!-- com.testsenarios.Justrechargeit_logintestng -->
