<?xml version="1.0" encoding="UTF-8"?>
<!-- Generated by org.testng.reporters.JUnitReportReporter -->
<testsuite hostname="DESKTOP-S7DLDEP" failures="0" tests="1" name="com.testsenarios.Blazedemoo" time="23.490" errors="0" timestamp="2022-03-22T14:50:30 IST" skipped="0">
  <testcase classname="com.testsenarios.Blazedemoo" name="f" time="23.490"/>
  <system-out/>
</testsuite> <!-- com.testsenarios.Blazedemoo -->
