<?xml version="1.0" encoding="UTF-8"?>
<!-- Generated by org.testng.reporters.JUnitReportReporter -->
<testsuite hostname="DESKTOP-S7DLDEP" failures="0" tests="1" name="com.testsenarios.blazedemo" time="11.740" errors="0" timestamp="2022-03-15T16:58:13 IST" skipped="0">
  <testcase classname="com.testsenarios.blazedemo" name="f" time="11.740"/>
  <system-out/>
</testsuite> <!-- com.testsenarios.blazedemo -->
