<?xml version="1.0" encoding="UTF-8"?>
<!-- Generated by org.testng.reporters.JUnitReportReporter -->
<testsuite hostname="DESKTOP-S7DLDEP" failures="0" tests="1" name="com.testsenarios.Blazedemoo" time="25.568" errors="0" timestamp="2022-03-16T12:03:59 IST" skipped="0">
  <testcase classname="com.testsenarios.Blazedemoo" name="f" time="25.568"/>
  <system-out/>
</testsuite> <!-- com.testsenarios.Blazedemoo -->
