<?xml version="1.0" encoding="UTF-8"?>
<!-- Generated by org.testng.reporters.JUnitReportReporter -->
<testsuite hostname="DESKTOP-S7DLDEP" failures="0" tests="1" name="com.testsenarios.Collegeweeklive" time="37.453" errors="0" timestamp="2022-03-12T17:05:39 IST" skipped="0">
  <testcase classname="com.testsenarios.Collegeweeklive" name="f" time="37.453"/>
  <system-out/>
</testsuite> <!-- com.testsenarios.Collegeweeklive -->
