<?xml version="1.0" encoding="UTF-8"?>
<!-- Generated by org.testng.reporters.JUnitReportReporter -->
<testsuite hostname="DESKTOP-S7DLDEP" failures="0" tests="1" name="com.testsenarios.Read_data_from_Excel" time="1.518" errors="0" timestamp="2022-03-23T12:58:00 IST" skipped="0">
  <testcase classname="com.testsenarios.Read_data_from_Excel" name="f" time="1.518"/>
  <system-out/>
</testsuite> <!-- com.testsenarios.Read_data_from_Excel -->
