<?xml version="1.0" encoding="UTF-8"?>
<!-- Generated by org.testng.reporters.JUnitReportReporter -->
<testsuite hostname="DESKTOP-S7DLDEP" failures="0" tests="1" name="com.testsenarios.Thirupathicreateaccount" time="31.946" errors="0" timestamp="2022-03-19T12:43:50 IST" skipped="0">
  <testcase classname="com.testsenarios.Thirupathicreateaccount" name="f" time="31.946"/>
  <system-out/>
</testsuite> <!-- com.testsenarios.Thirupathicreateaccount -->
