<?xml version="1.0" encoding="UTF-8"?>
<!-- Generated by org.testng.reporters.JUnitReportReporter -->
<testsuite hostname="DESKTOP-S7DLDEP" failures="0" tests="3" name="com.testsenarios.Fblogintestng" time="29.716" errors="0" timestamp="2022-03-19T15:36:15 IST" skipped="0">
  <testcase classname="com.testsenarios.Fblogintestng" name="f" time="3.037"/>
  <system-out/>
  <testcase classname="com.testsenarios.Fblogintestng" name="f" time="16.016"/>
  <system-out/>
  <testcase classname="com.testsenarios.Fblogintestng" name="f" time="10.663"/>
  <system-out/>
</testsuite> <!-- com.testsenarios.Fblogintestng -->
