<?xml version="1.0" encoding="UTF-8"?>
<!-- Generated by org.testng.reporters.JUnitReportReporter -->
<testsuite hostname="DESKTOP-S7DLDEP" failures="0" tests="1" name="com.testsenarios.Toyotaaa" time="47.315" errors="0" timestamp="2022-03-19T13:14:11 IST" skipped="0">
  <testcase classname="com.testsenarios.Toyotaaa" name="f" time="47.315"/>
  <system-out/>
</testsuite> <!-- com.testsenarios.Toyotaaa -->
