<?xml version="1.0" encoding="UTF-8"?>
<!-- Generated by org.testng.reporters.JUnitReportReporter -->
<testsuite hostname="DESKTOP-S7DLDEP" failures="0" tests="1" name="com.testsenarios.Jricurrenturl" time="71.790" errors="0" timestamp="2022-03-22T13:26:01 IST" skipped="0">
  <testcase classname="com.testsenarios.Jricurrenturl" name="f" time="71.790"/>
  <system-out/>
</testsuite> <!-- com.testsenarios.Jricurrenturl -->
