<?xml version="1.0" encoding="UTF-8"?>
<!-- Generated by org.testng.reporters.JUnitReportReporter -->
<testsuite hostname="DESKTOP-S7DLDEP" failures="0" tests="1" name="com.testsenarios.Xe" time="76.964" errors="0" timestamp="2022-03-22T14:36:48 IST" skipped="0">
  <testcase classname="com.testsenarios.Xe" name="f" time="76.964"/>
  <system-out/>
</testsuite> <!-- com.testsenarios.Xe -->
